<?xml version="1.0" encoding="UTF-8"?>
<testsuite xmlns:xsi="http://www.w3.org/2001/XMLSchema-instance" xsi:noNamespaceSchemaLocation="https://maven.apache.org/surefire/maven-surefire-plugin/xsd/surefire-test-report-3.0.xsd" version="3.0" name="TestSuite" time="289.888" tests="62" errors="0" skipped="0" failures="10">
  <properties>
[...]
</properties>
  <testcase name="loginWithWrongPasswordOrLoginTest[regtest.2020@mail.ru, wrongpassword](1)" classname="ru.mail.regtest2020.tests.LoginTests" time="3.303">
    <system-out><![CDATA[[TestNGContentHandler] [WARN] It is strongly recommended to add "<!DOCTYPE suite SYSTEM "https://testng.org/testng-1.0.dtd" >" at the top of your file, otherwise TestNG may fail or not work as expected.
]]></system-out>
    <system-err><![CDATA[SLF4J: Failed to load class "org.slf4j.impl.StaticLoggerBinder".
SLF4J: Defaulting to no-operation (NOP) logger implementation
SLF4J: See http://www.slf4j.org/codes.html#StaticLoggerBinder for further details.
Starting ChromeDriver 85.0.4183.87 (cd6713ebf92fa1cacc0f1a598df280093af0c5d7-refs/branch-heads/4183@{#1689}) on port 45101
Only local connections are allowed.
Please see https://chromedriver.chromium.org/security-considerations for suggestions on keeping ChromeDriver safe.
ChromeDriver was started successfully.
сен 23, 2020 3:25:24 PM org.openqa.selenium.remote.ProtocolHandshake createSession
INFO: Detected dialect: W3C
]]></system-err>
  </testcase>
  <testcase name="loginWithWrongPasswordOrLoginTest[wronglogin@df.er, 12345](2)" classname="ru.mail.regtest2020.tests.LoginTests" time="3.514"/>
  <testcase name="successfulLoginTest[regtest.2020@mail.ru, 12345](1)" classname="ru.mail.regtest2020.tests.LoginTests" time="7.382"/>
  <testcase name="successfulLoginTest[ regtest.2020@mail.ru ,  12345 ](2)" classname="ru.mail.regtest2020.tests.LoginTests" time="7.033"/>
  <testcase name="checkRequiredFieldsTest[firstName](1)" classname="ru.mail.regtest2020.tests.RegistrationTests" time="1.904">
    <system-err><![CDATA[Starting ChromeDriver 85.0.4183.87 (cd6713ebf92fa1cacc0f1a598df280093af0c5d7-refs/branch-heads/4183@{#1689}) on port 44626
Only local connections are allowed.
Please see https://chromedriver.chromium.org/security-considerations for suggestions on keeping ChromeDriver safe.
ChromeDriver was started successfully.
сен 23, 2020 3:26:15 PM org.openqa.selenium.remote.ProtocolHandshake createSession
INFO: Detected dialect: W3C
]]></system-err>
  </testcase>
  <testcase name="checkRequiredFieldsTest[lastName](2)" classname="ru.mail.regtest2020.tests.RegistrationTests" time="0.94"/>
  <testcase name="checkRequiredFieldsTest[email](3)" classname="ru.mail.regtest2020.tests.RegistrationTests" time="0.737"/>
  <testcase name="checkRequiredFieldsTest[password](4)" classname="ru.mail.regtest2020.tests.RegistrationTests" time="1.118"/>
  <testcase name="checkRequiredFieldsTest[confirmPassword](5)" classname="ru.mail.regtest2020.tests.RegistrationTests" time="0.87"/>
  <testcase name="fillEmailCorrectDataTest[bulkin_ivan@mail12.ru](1)" classname="ru.mail.regtest2020.tests.RegistrationTests" time="6.166"/>
  <testcase name="fillEmailCorrectDataTest[bulkin25@mail.ru](2)" classname="ru.mail.regtest2020.tests.RegistrationTests" time="5.828"/>
  <testcase name="fillEmailCorrectDataTest[bulkin.ivan@mail.ru](3)" classname="ru.mail.regtest2020.tests.RegistrationTests" time="5.937"/>
  <testcase name="fillEmailCorrectDataTest[bulkin-ivan@mail.ru](4)" classname="ru.mail.regtest2020.tests.RegistrationTests" time="5.884"/>
  <testcase name="fillEmailCorrectDataTest[ivan@mail_mail.ru ](5)" classname="ru.mail.regtest2020.tests.RegistrationTests" time="0.79">
    <failure message="expected [false] but found [true]" type="java.lang.AssertionError"><![CDATA[java.lang.AssertionError: expected [false] but found [true]
	at ru.mail.regtest2020.tests.RegistrationTests.fillEmailCorrectDataTest(RegistrationTests.java:150)
]]></failure>
  </testcase>
  <testcase name="fillEmailCorrectDataTest[ivan@mail-mail.ru](6)" classname="ru.mail.regtest2020.tests.RegistrationTests" time="5.979"/>
  <testcase name="fillEmailCorrectDataTest[IVAN@mail.ru](7)" classname="ru.mail.regtest2020.tests.RegistrationTests" time="5.849"/>
  <testcase name="fillEmailCorrectDataTest[IVAN@почта.рф](8)" classname="ru.mail.regtest2020.tests.RegistrationTests" time="0.679">
    <failure message="expected [false] but found [true]" type="java.lang.AssertionError"><![CDATA[java.lang.AssertionError: expected [false] but found [true]
	at ru.mail.regtest2020.tests.RegistrationTests.fillEmailCorrectDataTest(RegistrationTests.java:150)
]]></failure>
  </testcase>
  <testcase name="fillEmailIncorrectDataTest[bulkin ivan@mail.ru](1)" classname="ru.mail.regtest2020.tests.RegistrationTests" time="0.959"/>
  <testcase name="fillEmailIncorrectDataTest[bulkin@mail](2)" classname="ru.mail.regtest2020.tests.RegistrationTests" time="0.953"/>
  <testcase name="fillEmailIncorrectDataTest[ivan@.ru](3)" classname="ru.mail.regtest2020.tests.RegistrationTests" time="0.884"/>
  <testcase name="fillEmailIncorrectDataTest[ ](4)" classname="ru.mail.regtest2020.tests.RegistrationTests" time="0.68"/>
  <testcase name="fillEmailIncorrectDataTest[ivan#mail.ru](5)" classname="ru.mail.regtest2020.tests.RegistrationTests" time="1.264"/>
  <testcase name="fillEmailIncorrectDataTest[Iivan@ma%il.ru](6)" classname="ru.mail.regtest2020.tests.RegistrationTests" time="0.918"/>
  <testcase name="fillEmailIncorrectDataTest[ivan@mail mail.ru](7)" classname="ru.mail.regtest2020.tests.RegistrationTests" time="0.963"/>
  <testcase name="fillEmailIncorrectDataTest[@mail.ru](8)" classname="ru.mail.regtest2020.tests.RegistrationTests" time="1.792"/>
  <testcase name="fillFirstNameCorrectDataTest[И](1)" classname="ru.mail.regtest2020.tests.RegistrationTests" time="5.837"/>
  <testcase name="fillFirstNameCorrectDataTest[Иван-Иван](2)" classname="ru.mail.regtest2020.tests.RegistrationTests" time="5.776"/>
  <testcase name="fillFirstNameCorrectDataTest[ Иван ](3)" classname="ru.mail.regtest2020.tests.RegistrationTests" time="5.568"/>
  <testcase name="fillFirstNameCorrectDataTest[Ivan](4)" classname="ru.mail.regtest2020.tests.RegistrationTests" time="5.581"/>
  <testcase name="fillFirstNameCorrectDataTest[I](5)" classname="ru.mail.regtest2020.tests.RegistrationTests" time="5.628"/>
  <testcase name="fillFirstNameCorrectDataTest[Иван Иван](6)" classname="ru.mail.regtest2020.tests.RegistrationTests" time="5.695"/>
  <testcase name="fillFirstNameIncorrectDataTest[Иван2](1)" classname="ru.mail.regtest2020.tests.RegistrationTests" time="0.515"/>
  <testcase name="fillFirstNameIncorrectDataTest[Иван+](2)" classname="ru.mail.regtest2020.tests.RegistrationTests" time="0.602"/>
  <testcase name="fillFirstNameIncorrectDataTest[Иван*!](3)" classname="ru.mail.regtest2020.tests.RegistrationTests" time="0.719"/>
  <testcase name="fillFirstNameIncorrectDataTest[ ](4)" classname="ru.mail.regtest2020.tests.RegistrationTests" time="0.54"/>
  <testcase name="fillFirstNameIncorrectDataTest[Ivan12](5)" classname="ru.mail.regtest2020.tests.RegistrationTests" time="0.755"/>
  <testcase name="fillFirstNameIncorrectDataTest[Ivan%](6)" classname="ru.mail.regtest2020.tests.RegistrationTests" time="0.597"/>
  <testcase name="fillFirstNameIncorrectDataTest[2](7)" classname="ru.mail.regtest2020.tests.RegistrationTests" time="5.589">
    <failure message="expected [true] but found [false]" type="java.lang.AssertionError"><![CDATA[java.lang.AssertionError: expected [true] but found [false]
	at ru.mail.regtest2020.tests.RegistrationTests.fillFirstNameIncorrectDataTest(RegistrationTests.java:111)
]]></failure>
  </testcase>
  <testcase name="fillFirstNameIncorrectDataTest[=](8)" classname="ru.mail.regtest2020.tests.RegistrationTests" time="5.553">
    <failure message="expected [true] but found [false]" type="java.lang.AssertionError"><![CDATA[java.lang.AssertionError: expected [true] but found [false]
	at ru.mail.regtest2020.tests.RegistrationTests.fillFirstNameIncorrectDataTest(RegistrationTests.java:111)
]]></failure>
  </testcase>
  <testcase name="fillLastNameCorrectDataTest[Б](1)" classname="ru.mail.regtest2020.tests.RegistrationTests" time="5.493"/>
  <testcase name="fillLastNameCorrectDataTest[Бул-кин](2)" classname="ru.mail.regtest2020.tests.RegistrationTests" time="5.643"/>
  <testcase name="fillLastNameCorrectDataTest[ Булкин ](3)" classname="ru.mail.regtest2020.tests.RegistrationTests" time="5.583"/>
  <testcase name="fillLastNameCorrectDataTest[Bulkin](4)" classname="ru.mail.regtest2020.tests.RegistrationTests" time="5.528"/>
  <testcase name="fillLastNameCorrectDataTest[B](5)" classname="ru.mail.regtest2020.tests.RegistrationTests" time="5.57"/>
  <testcase name="fillLastNameCorrectDataTest[Булкин Плюшкин](6)" classname="ru.mail.regtest2020.tests.RegistrationTests" time="5.63"/>
  <testcase name="fillLastNameIncorrectDataTest[Булкин2](1)" classname="ru.mail.regtest2020.tests.RegistrationTests" time="5.674">
    <failure message="expected [true] but found [false]" type="java.lang.AssertionError"><![CDATA[java.lang.AssertionError: expected [true] but found [false]
	at ru.mail.regtest2020.tests.RegistrationTests.fillLastNameIncorrectDataTest(RegistrationTests.java:85)
]]></failure>
  </testcase>
  <testcase name="fillLastNameIncorrectDataTest[Булкин+](2)" classname="ru.mail.regtest2020.tests.RegistrationTests" time="5.564">
    <failure message="expected [true] but found [false]" type="java.lang.AssertionError"><![CDATA[java.lang.AssertionError: expected [true] but found [false]
	at ru.mail.regtest2020.tests.RegistrationTests.fillLastNameIncorrectDataTest(RegistrationTests.java:85)
]]></failure>
  </testcase>
  <testcase name="fillLastNameIncorrectDataTest[Булкин*!](3)" classname="ru.mail.regtest2020.tests.RegistrationTests" time="5.67">
    <failure message="expected [true] but found [false]" type="java.lang.AssertionError"><![CDATA[java.lang.AssertionError: expected [true] but found [false]
	at ru.mail.regtest2020.tests.RegistrationTests.fillLastNameIncorrectDataTest(RegistrationTests.java:85)
]]></failure>
  </testcase>
  <testcase name="fillLastNameIncorrectDataTest[ ](4)" classname="ru.mail.regtest2020.tests.RegistrationTests" time="0.524"/>
  <testcase name="fillLastNameIncorrectDataTest[Bulkin12](5)" classname="ru.mail.regtest2020.tests.RegistrationTests" time="5.81">
    <failure message="expected [true] but found [false]" type="java.lang.AssertionError"><![CDATA[java.lang.AssertionError: expected [true] but found [false]
	at ru.mail.regtest2020.tests.RegistrationTests.fillLastNameIncorrectDataTest(RegistrationTests.java:85)
]]></failure>
  </testcase>
  <testcase name="fillLastNameIncorrectDataTest[Bulkin%](6)" classname="ru.mail.regtest2020.tests.RegistrationTests" time="5.554">
    <failure message="expected [true] but found [false]" type="java.lang.AssertionError"><![CDATA[java.lang.AssertionError: expected [true] but found [false]
	at ru.mail.regtest2020.tests.RegistrationTests.fillLastNameIncorrectDataTest(RegistrationTests.java:85)
]]></failure>
  </testcase>
  <testcase name="fillLastNameIncorrectDataTest[2](7)" classname="ru.mail.regtest2020.tests.RegistrationTests" time="5.502">
    <failure message="expected [true] but found [false]" type="java.lang.AssertionError"><![CDATA[java.lang.AssertionError: expected [true] but found [false]
	at ru.mail.regtest2020.tests.RegistrationTests.fillLastNameIncorrectDataTest(RegistrationTests.java:85)
]]></failure>
  </testcase>
  <testcase name="fillLastNameIncorrectDataTest[=](8)" classname="ru.mail.regtest2020.tests.RegistrationTests" time="0.54"/>
  <testcase name="fillPasswordCorrectDataTest[12345](1)" classname="ru.mail.regtest2020.tests.RegistrationTests" time="5.639"/>
  <testcase name="fillPasswordCorrectDataTest[ 12345 ](2)" classname="ru.mail.regtest2020.tests.RegistrationTests" time="5.671"/>
  <testcase name="fillPasswordCorrectDataTest[12345t](3)" classname="ru.mail.regtest2020.tests.RegistrationTests" time="5.661"/>
  <testcase name="fillPasswordIncorrectDataTest[ ](1)" classname="ru.mail.regtest2020.tests.RegistrationTests" time="0.72"/>
  <testcase name="fillPasswordIncorrectDataTest[1234](2)" classname="ru.mail.regtest2020.tests.RegistrationTests" time="0.904"/>
  <testcase name="fillPasswordIncorrectDataTest[1](3)" classname="ru.mail.regtest2020.tests.RegistrationTests" time="0.757"/>
  <testcase name="passwordNotConfirmedTest" classname="ru.mail.regtest2020.tests.RegistrationTests" time="0.284"/>
  <testcase name="registrationWithExistEmailTest" classname="ru.mail.regtest2020.tests.RegistrationTests" time="1.064"/>
  <testcase name="successfulRegistrationTest" classname="ru.mail.regtest2020.tests.RegistrationTests" time="4.401"/>
</testsuite>